01-31 16:15:25 com_github_MitjaNemec_PlaceFootprints.action_place_footprints 647:Plugin executed on: 'win32'
01-31 16:15:25 com_github_MitjaNemec_PlaceFootprints.action_place_footprints 648:Plugin executed with python version: '3.11.5 (main, Nov  3 2024, 06:58:22) [MSC v.1939 64 bit (AMD64)]'
01-31 16:15:25 com_github_MitjaNemec_PlaceFootprints.action_place_footprints 649:KiCad build version: 8.0.7
01-31 16:15:25 com_github_MitjaNemec_PlaceFootprints.action_place_footprints 650:Plugin version: 3.0.0
01-31 16:15:25 com_github_MitjaNemec_PlaceFootprints.action_place_footprints 651:Frame repr: <wx._core.Frame object at 0x000001E67F7DFC70>
01-31 16:15:25 com_github_MitjaNemec_PlaceFootprints.place_footprints 121:getting a list of all footprints on board
01-31 16:15:25 com_github_MitjaNemec_PlaceFootprints.place_footprints 156:Footprint C49 on root level
01-31 16:15:25 com_github_MitjaNemec_PlaceFootprints.place_footprints 156:Footprint C48 on root level
01-31 16:15:25 com_github_MitjaNemec_PlaceFootprints.place_footprints 156:Footprint C47 on root level
01-31 16:15:25 com_github_MitjaNemec_PlaceFootprints.place_footprints 156:Footprint C46 on root level
01-31 16:15:25 com_github_MitjaNemec_PlaceFootprints.place_footprints 156:Footprint C45 on root level
01-31 16:15:25 com_github_MitjaNemec_PlaceFootprints.place_footprints 156:Footprint C44 on root level
01-31 16:15:25 com_github_MitjaNemec_PlaceFootprints.place_footprints 156:Footprint C43 on root level
01-31 16:15:25 com_github_MitjaNemec_PlaceFootprints.place_footprints 156:Footprint C42 on root level
01-31 16:15:25 com_github_MitjaNemec_PlaceFootprints.place_footprints 156:Footprint C41 on root level
01-31 16:15:25 com_github_MitjaNemec_PlaceFootprints.place_footprints 156:Footprint C40 on root level
01-31 16:15:25 com_github_MitjaNemec_PlaceFootprints.place_footprints 156:Footprint C39 on root level
01-31 16:15:25 com_github_MitjaNemec_PlaceFootprints.place_footprints 156:Footprint C38 on root level
01-31 16:15:25 com_github_MitjaNemec_PlaceFootprints.place_footprints 156:Footprint C37 on root level
01-31 16:15:25 com_github_MitjaNemec_PlaceFootprints.place_footprints 156:Footprint C36 on root level
01-31 16:15:25 com_github_MitjaNemec_PlaceFootprints.place_footprints 156:Footprint C35 on root level
01-31 16:15:25 com_github_MitjaNemec_PlaceFootprints.place_footprints 156:Footprint C34 on root level
01-31 16:15:25 com_github_MitjaNemec_PlaceFootprints.place_footprints 156:Footprint C33 on root level
01-31 16:15:25 com_github_MitjaNemec_PlaceFootprints.place_footprints 156:Footprint C32 on root level
01-31 16:15:25 com_github_MitjaNemec_PlaceFootprints.place_footprints 156:Footprint C31 on root level
01-31 16:15:25 com_github_MitjaNemec_PlaceFootprints.place_footprints 156:Footprint C30 on root level
01-31 16:15:25 com_github_MitjaNemec_PlaceFootprints.place_footprints 156:Footprint C29 on root level
01-31 16:15:25 com_github_MitjaNemec_PlaceFootprints.place_footprints 156:Footprint C28 on root level
01-31 16:15:25 com_github_MitjaNemec_PlaceFootprints.place_footprints 156:Footprint C27 on root level
01-31 16:15:25 com_github_MitjaNemec_PlaceFootprints.place_footprints 156:Footprint C26 on root level
01-31 16:15:25 com_github_MitjaNemec_PlaceFootprints.place_footprints 156:Footprint C25 on root level
01-31 16:15:25 com_github_MitjaNemec_PlaceFootprints.place_footprints 156:Footprint C24 on root level
01-31 16:15:25 com_github_MitjaNemec_PlaceFootprints.place_footprints 156:Footprint C23 on root level
01-31 16:15:25 com_github_MitjaNemec_PlaceFootprints.place_footprints 156:Footprint C22 on root level
01-31 16:15:25 com_github_MitjaNemec_PlaceFootprints.place_footprints 156:Footprint C21 on root level
01-31 16:15:25 com_github_MitjaNemec_PlaceFootprints.place_footprints 156:Footprint C20 on root level
01-31 16:15:25 com_github_MitjaNemec_PlaceFootprints.place_footprints 156:Footprint C19 on root level
01-31 16:15:25 com_github_MitjaNemec_PlaceFootprints.place_footprints 156:Footprint C18 on root level
01-31 16:15:25 com_github_MitjaNemec_PlaceFootprints.place_footprints 156:Footprint C17 on root level
01-31 16:15:25 com_github_MitjaNemec_PlaceFootprints.place_footprints 156:Footprint C16 on root level
01-31 16:15:25 com_github_MitjaNemec_PlaceFootprints.place_footprints 156:Footprint C15 on root level
01-31 16:15:25 com_github_MitjaNemec_PlaceFootprints.place_footprints 156:Footprint C14 on root level
01-31 16:15:25 com_github_MitjaNemec_PlaceFootprints.place_footprints 156:Footprint C13 on root level
01-31 16:15:25 com_github_MitjaNemec_PlaceFootprints.place_footprints 156:Footprint C12 on root level
01-31 16:15:25 com_github_MitjaNemec_PlaceFootprints.place_footprints 156:Footprint C11 on root level
01-31 16:15:25 com_github_MitjaNemec_PlaceFootprints.place_footprints 156:Footprint C10 on root level
01-31 16:15:25 com_github_MitjaNemec_PlaceFootprints.place_footprints 156:Footprint C9 on root level
01-31 16:15:25 com_github_MitjaNemec_PlaceFootprints.place_footprints 156:Footprint C8 on root level
01-31 16:15:25 com_github_MitjaNemec_PlaceFootprints.place_footprints 156:Footprint C7 on root level
01-31 16:15:25 com_github_MitjaNemec_PlaceFootprints.place_footprints 156:Footprint C6 on root level
01-31 16:15:25 com_github_MitjaNemec_PlaceFootprints.place_footprints 156:Footprint C5 on root level
01-31 16:15:25 com_github_MitjaNemec_PlaceFootprints.place_footprints 156:Footprint C4 on root level
01-31 16:15:25 com_github_MitjaNemec_PlaceFootprints.place_footprints 156:Footprint C3 on root level
01-31 16:15:25 com_github_MitjaNemec_PlaceFootprints.place_footprints 156:Footprint C2 on root level
01-31 16:15:25 com_github_MitjaNemec_PlaceFootprints.place_footprints 156:Footprint C1 on root level
01-31 16:15:25 com_github_MitjaNemec_PlaceFootprints.place_footprints 156:Footprint D91 on root level
01-31 16:15:25 com_github_MitjaNemec_PlaceFootprints.place_footprints 156:Footprint D90 on root level
01-31 16:15:25 com_github_MitjaNemec_PlaceFootprints.place_footprints 156:Footprint D89 on root level
01-31 16:15:25 com_github_MitjaNemec_PlaceFootprints.place_footprints 156:Footprint D88 on root level
01-31 16:15:25 com_github_MitjaNemec_PlaceFootprints.place_footprints 156:Footprint D87 on root level
01-31 16:15:25 com_github_MitjaNemec_PlaceFootprints.place_footprints 156:Footprint D86 on root level
01-31 16:15:25 com_github_MitjaNemec_PlaceFootprints.place_footprints 156:Footprint D85 on root level
01-31 16:15:25 com_github_MitjaNemec_PlaceFootprints.place_footprints 156:Footprint D84 on root level
01-31 16:15:25 com_github_MitjaNemec_PlaceFootprints.place_footprints 156:Footprint D83 on root level
01-31 16:15:25 com_github_MitjaNemec_PlaceFootprints.place_footprints 156:Footprint D82 on root level
01-31 16:15:25 com_github_MitjaNemec_PlaceFootprints.place_footprints 156:Footprint D81 on root level
01-31 16:15:25 com_github_MitjaNemec_PlaceFootprints.place_footprints 156:Footprint D80 on root level
01-31 16:15:25 com_github_MitjaNemec_PlaceFootprints.place_footprints 156:Footprint D79 on root level
01-31 16:15:25 com_github_MitjaNemec_PlaceFootprints.place_footprints 156:Footprint D78 on root level
01-31 16:15:25 com_github_MitjaNemec_PlaceFootprints.place_footprints 156:Footprint D77 on root level
01-31 16:15:25 com_github_MitjaNemec_PlaceFootprints.place_footprints 156:Footprint D76 on root level
01-31 16:15:25 com_github_MitjaNemec_PlaceFootprints.place_footprints 156:Footprint D75 on root level
01-31 16:15:25 com_github_MitjaNemec_PlaceFootprints.place_footprints 156:Footprint D74 on root level
01-31 16:15:25 com_github_MitjaNemec_PlaceFootprints.place_footprints 156:Footprint D73 on root level
01-31 16:15:25 com_github_MitjaNemec_PlaceFootprints.place_footprints 156:Footprint D72 on root level
01-31 16:15:25 com_github_MitjaNemec_PlaceFootprints.place_footprints 156:Footprint D71 on root level
01-31 16:15:25 com_github_MitjaNemec_PlaceFootprints.place_footprints 156:Footprint D70 on root level
01-31 16:15:25 com_github_MitjaNemec_PlaceFootprints.place_footprints 156:Footprint D69 on root level
01-31 16:15:25 com_github_MitjaNemec_PlaceFootprints.place_footprints 156:Footprint D68 on root level
01-31 16:15:25 com_github_MitjaNemec_PlaceFootprints.place_footprints 156:Footprint D67 on root level
01-31 16:15:25 com_github_MitjaNemec_PlaceFootprints.place_footprints 156:Footprint D66 on root level
01-31 16:15:25 com_github_MitjaNemec_PlaceFootprints.place_footprints 156:Footprint D65 on root level
01-31 16:15:25 com_github_MitjaNemec_PlaceFootprints.place_footprints 156:Footprint D64 on root level
01-31 16:15:25 com_github_MitjaNemec_PlaceFootprints.place_footprints 156:Footprint D63 on root level
01-31 16:15:25 com_github_MitjaNemec_PlaceFootprints.place_footprints 156:Footprint D62 on root level
01-31 16:15:25 com_github_MitjaNemec_PlaceFootprints.place_footprints 156:Footprint D61 on root level
01-31 16:15:25 com_github_MitjaNemec_PlaceFootprints.place_footprints 156:Footprint D60 on root level
01-31 16:15:25 com_github_MitjaNemec_PlaceFootprints.place_footprints 156:Footprint D59 on root level
01-31 16:15:25 com_github_MitjaNemec_PlaceFootprints.place_footprints 156:Footprint D58 on root level
01-31 16:15:25 com_github_MitjaNemec_PlaceFootprints.place_footprints 156:Footprint D57 on root level
01-31 16:15:25 com_github_MitjaNemec_PlaceFootprints.place_footprints 156:Footprint D56 on root level
01-31 16:15:25 com_github_MitjaNemec_PlaceFootprints.place_footprints 156:Footprint D55 on root level
01-31 16:15:25 com_github_MitjaNemec_PlaceFootprints.place_footprints 156:Footprint D54 on root level
01-31 16:15:25 com_github_MitjaNemec_PlaceFootprints.place_footprints 156:Footprint D53 on root level
01-31 16:15:25 com_github_MitjaNemec_PlaceFootprints.place_footprints 156:Footprint D52 on root level
01-31 16:15:25 com_github_MitjaNemec_PlaceFootprints.place_footprints 156:Footprint D51 on root level
01-31 16:15:25 com_github_MitjaNemec_PlaceFootprints.place_footprints 156:Footprint D50 on root level
01-31 16:15:25 com_github_MitjaNemec_PlaceFootprints.place_footprints 156:Footprint D49 on root level
01-31 16:15:25 com_github_MitjaNemec_PlaceFootprints.place_footprints 156:Footprint D48 on root level
01-31 16:15:25 com_github_MitjaNemec_PlaceFootprints.place_footprints 156:Footprint D47 on root level
01-31 16:15:25 com_github_MitjaNemec_PlaceFootprints.place_footprints 156:Footprint D46 on root level
01-31 16:15:25 com_github_MitjaNemec_PlaceFootprints.place_footprints 156:Footprint D45 on root level
01-31 16:15:25 com_github_MitjaNemec_PlaceFootprints.place_footprints 156:Footprint D44 on root level
01-31 16:15:25 com_github_MitjaNemec_PlaceFootprints.place_footprints 156:Footprint D43 on root level
01-31 16:15:25 com_github_MitjaNemec_PlaceFootprints.place_footprints 156:Footprint D42 on root level
01-31 16:15:25 com_github_MitjaNemec_PlaceFootprints.place_footprints 156:Footprint D41 on root level
01-31 16:15:25 com_github_MitjaNemec_PlaceFootprints.place_footprints 156:Footprint D40 on root level
01-31 16:15:25 com_github_MitjaNemec_PlaceFootprints.place_footprints 156:Footprint D39 on root level
01-31 16:15:25 com_github_MitjaNemec_PlaceFootprints.place_footprints 156:Footprint D38 on root level
01-31 16:15:25 com_github_MitjaNemec_PlaceFootprints.place_footprints 156:Footprint D37 on root level
01-31 16:15:25 com_github_MitjaNemec_PlaceFootprints.place_footprints 156:Footprint D36 on root level
01-31 16:15:25 com_github_MitjaNemec_PlaceFootprints.place_footprints 156:Footprint D35 on root level
01-31 16:15:25 com_github_MitjaNemec_PlaceFootprints.place_footprints 156:Footprint D34 on root level
01-31 16:15:25 com_github_MitjaNemec_PlaceFootprints.place_footprints 156:Footprint D33 on root level
01-31 16:15:25 com_github_MitjaNemec_PlaceFootprints.place_footprints 156:Footprint D32 on root level
01-31 16:15:25 com_github_MitjaNemec_PlaceFootprints.place_footprints 156:Footprint D31 on root level
01-31 16:15:25 com_github_MitjaNemec_PlaceFootprints.place_footprints 156:Footprint D30 on root level
01-31 16:15:25 com_github_MitjaNemec_PlaceFootprints.place_footprints 156:Footprint D29 on root level
01-31 16:15:25 com_github_MitjaNemec_PlaceFootprints.place_footprints 156:Footprint D28 on root level
01-31 16:15:25 com_github_MitjaNemec_PlaceFootprints.place_footprints 156:Footprint D27 on root level
01-31 16:15:25 com_github_MitjaNemec_PlaceFootprints.place_footprints 156:Footprint D26 on root level
01-31 16:15:25 com_github_MitjaNemec_PlaceFootprints.place_footprints 156:Footprint D25 on root level
01-31 16:15:25 com_github_MitjaNemec_PlaceFootprints.place_footprints 156:Footprint D24 on root level
01-31 16:15:25 com_github_MitjaNemec_PlaceFootprints.place_footprints 156:Footprint D23 on root level
01-31 16:15:25 com_github_MitjaNemec_PlaceFootprints.place_footprints 156:Footprint D22 on root level
01-31 16:15:25 com_github_MitjaNemec_PlaceFootprints.place_footprints 156:Footprint D21 on root level
01-31 16:15:25 com_github_MitjaNemec_PlaceFootprints.place_footprints 156:Footprint D20 on root level
01-31 16:15:25 com_github_MitjaNemec_PlaceFootprints.place_footprints 156:Footprint D19 on root level
01-31 16:15:25 com_github_MitjaNemec_PlaceFootprints.place_footprints 156:Footprint D18 on root level
01-31 16:15:25 com_github_MitjaNemec_PlaceFootprints.place_footprints 156:Footprint D17 on root level
01-31 16:15:25 com_github_MitjaNemec_PlaceFootprints.place_footprints 156:Footprint D16 on root level
01-31 16:15:25 com_github_MitjaNemec_PlaceFootprints.place_footprints 156:Footprint D15 on root level
01-31 16:15:25 com_github_MitjaNemec_PlaceFootprints.place_footprints 156:Footprint D14 on root level
01-31 16:15:25 com_github_MitjaNemec_PlaceFootprints.place_footprints 156:Footprint D13 on root level
01-31 16:15:25 com_github_MitjaNemec_PlaceFootprints.place_footprints 156:Footprint D12 on root level
01-31 16:15:25 com_github_MitjaNemec_PlaceFootprints.place_footprints 156:Footprint D11 on root level
01-31 16:15:25 com_github_MitjaNemec_PlaceFootprints.place_footprints 156:Footprint D10 on root level
01-31 16:15:25 com_github_MitjaNemec_PlaceFootprints.place_footprints 156:Footprint D9 on root level
01-31 16:15:25 com_github_MitjaNemec_PlaceFootprints.place_footprints 156:Footprint D8 on root level
01-31 16:15:25 com_github_MitjaNemec_PlaceFootprints.place_footprints 156:Footprint D7 on root level
01-31 16:15:25 com_github_MitjaNemec_PlaceFootprints.place_footprints 156:Footprint D6 on root level
01-31 16:15:25 com_github_MitjaNemec_PlaceFootprints.place_footprints 156:Footprint D5 on root level
01-31 16:15:25 com_github_MitjaNemec_PlaceFootprints.place_footprints 156:Footprint D4 on root level
01-31 16:15:25 com_github_MitjaNemec_PlaceFootprints.place_footprints 156:Footprint D3 on root level
01-31 16:15:25 com_github_MitjaNemec_PlaceFootprints.place_footprints 156:Footprint D2 on root level
01-31 16:15:25 com_github_MitjaNemec_PlaceFootprints.place_footprints 156:Footprint D1 on root level
01-31 16:15:25 com_github_MitjaNemec_PlaceFootprints.place_footprints 156:Footprint R1 on root level
01-31 16:15:25 com_github_MitjaNemec_PlaceFootprints.place_footprints 156:Footprint J1 on root level
01-31 16:15:25 com_github_MitjaNemec_PlaceFootprints.place_footprints 156:Footprint R2 on root level
01-31 16:15:25 com_github_MitjaNemec_PlaceFootprints.place_footprints 156:Footprint U1 on root level
01-31 16:15:25 com_github_MitjaNemec_PlaceFootprints.place_footprints 156:Footprint J2 on root level
01-31 16:15:26 com_github_MitjaNemec_PlaceFootprints.action_place_footprints 830:Reference designator is: D
01-31 16:15:26 com_github_MitjaNemec_PlaceFootprints.action_place_footprints 831:Reference number is: 1
01-31 16:15:26 com_github_MitjaNemec_PlaceFootprints.action_place_footprints 863:Sorted and filtered list:
['D1', 'D2', 'D3', 'D4', 'D5', 'D6', 'D7', 'D8', 'D9', 'D10', 'D11', 'D12', 'D13', 'D14', 'D15', 'D16', 'D17', 'D18', 'D19', 'D20', 'D21', 'D22', 'D23', 'D24', 'D25', 'D26', 'D27', 'D28', 'D29', 'D30', 'D31', 'D32', 'D33', 'D34', 'D35', 'D36', 'D37', 'D38', 'D39', 'D40', 'D41', 'D42', 'D43', 'D44', 'D45', 'D46', 'D47', 'D48', 'D49', 'D50', 'D51', 'D52', 'D53', 'D54', 'D55', 'D56', 'D57', 'D58', 'D59', 'D60', 'D61', 'D62', 'D63', 'D64', 'D65', 'D66', 'D67', 'D68', 'D69', 'D70', 'D71', 'D72', 'D73', 'D74', 'D75', 'D76', 'D77', 'D78', 'D79', 'D80', 'D81', 'D82', 'D83', 'D84', 'D85', 'D86', 'D87', 'D88', 'D89', 'D90', 'D91']
01-31 16:15:26 com_github_MitjaNemec_PlaceFootprints.action_place_footprints 359:wx.Colour(240, 240, 240, 255)
01-31 16:15:30 com_github_MitjaNemec_PlaceFootprints.action_place_footprints 490:'9.5'
01-31 16:15:30 com_github_MitjaNemec_PlaceFootprints.action_place_footprints 549:Preparing config for reference matrix
01-31 16:15:30 com_github_MitjaNemec_PlaceFootprints.action_place_footprints 556:Saving config file
01-31 16:15:30 com_github_MitjaNemec_PlaceFootprints.action_place_footprints 558:Saved the config file
01-31 16:15:30 com_github_MitjaNemec_PlaceFootprints.action_place_footprints 901:Footprints to place:
['D1', 'D2', 'D3', 'D4', 'D5', 'D6', 'D7', 'D8', 'D9', 'D10', 'D11', 'D12', 'D13', 'D14', 'D15', 'D16', 'D17', 'D18', 'D19', 'D20', 'D21', 'D22', 'D23', 'D24', 'D25', 'D26', 'D27', 'D28', 'D29', 'D30', 'D31', 'D32', 'D33', 'D34', 'D35', 'D36', 'D37', 'D38', 'D39', 'D40', 'D41', 'D42', 'D43', 'D44', 'D45', 'D46', 'D47', 'D48', 'D49', 'D50', 'D51', 'D52', 'D53', 'D54', 'D55', 'D56', 'D57', 'D58', 'D59', 'D60', 'D61', 'D62', 'D63', 'D64', 'D65', 'D66', 'D67', 'D68', 'D69', 'D70', 'D71', 'D72', 'D73', 'D74', 'D75', 'D76', 'D77', 'D78', 'D79', 'D80', 'D81', 'D82', 'D83', 'D84', 'D85', 'D86', 'D87', 'D88', 'D89', 'D90', 'D91']
01-31 16:15:30 com_github_MitjaNemec_PlaceFootprints.place_footprints 398:Starting placing with matrix layout
01-31 16:15:30 com_github_MitjaNemec_PlaceFootprints.action_place_footprints 971:Placing complete
